Apr 01, 2022 3:15:52 PM seedu.address.MainApp init
INFO: =============================[ Initializing AddressBook ]===========================
Apr 01, 2022 3:15:52 PM seedu.address.MainApp initConfig
INFO: Using config file : config.json
Apr 01, 2022 3:15:52 PM seedu.address.MainApp initPrefs
INFO: Using prefs file : preferences.json
Apr 01, 2022 3:15:52 PM seedu.address.commons.core.LogsCenter init
INFO: currentLogLevel: INFO
Apr 01, 2022 3:15:52 PM seedu.address.storage.JsonAddressBookStorage readAddressBook
INFO: Illegal values found in data\addressbook.json: Persons list contains duplicate person(s).
Apr 01, 2022 3:15:52 PM seedu.address.MainApp initModelManager
WARNING: Data file not in the correct format. Will be starting with an empty AddressBook
Apr 01, 2022 3:15:52 PM seedu.address.MainApp start
INFO: Starting AddressBook V0.2.0ea
Apr 01, 2022 3:15:52 PM seedu.address.ui.UiManager start
INFO: Starting UI...
Apr 01, 2022 3:20:27 PM seedu.address.logic.LogicManager execute
INFO: ----------------[USER COMMAND][exit]
Apr 01, 2022 3:20:27 PM seedu.address.ui.MainWindow executeCommand
INFO: Result: Exiting Address Book as requested ...
Apr 01, 2022 3:20:27 PM seedu.address.MainApp stop
INFO: ============================ [ Stopping Address Book ] =============================
